<?xml version="1.0" encoding="UTF-8"?>
<!-- Generated by org.testng.reporters.JUnitReportReporter -->
<testsuite hostname="Ajay" failures="0" tests="1" name="CucumberTestRunner.POMLoginTestRunner" time="25.288" errors="0" timestamp="2024-04-25T18:40:05 IST" skipped="0">
  <testcase classname="CucumberTestRunner.POMLoginTestRunner" name="runScenario" time="25.288"/>
</testsuite> <!-- CucumberTestRunner.POMLoginTestRunner -->
