<?xml version="1.0" encoding="UTF-8"?>
<!-- Generated by org.testng.reporters.JUnitReportReporter -->
<testsuite hostname="Ajay" failures="0" tests="2" name="CucumberTestRunner.Tags" time="0.083" errors="0" timestamp="2024-04-26T13:00:35 IST" skipped="0">
  <testcase classname="CucumberTestRunner.Tags" name="runScenario" time="0.006"/>
  <testcase classname="CucumberTestRunner.Tags" name="runScenario" time="0.077"/>
</testsuite> <!-- CucumberTestRunner.Tags -->
