<?xml version="1.0" encoding="UTF-8"?>
<!-- Generated by org.testng.reporters.JUnitReportReporter -->
<testsuite hostname="Ajay" failures="0" tests="1" name="CucumberTestRunner.Background" time="18.408" errors="0" timestamp="2024-04-29T12:08:36 IST" skipped="0">
  <testcase classname="CucumberTestRunner.Background" name="runScenario" time="18.408"/>
</testsuite> <!-- CucumberTestRunner.Background -->
